Arguments: 
  /usr/bin/node /usr/local/bin/yarnpkg

PATH: 
  /home/bondiano/Documents/workspace/blog/node_modules/.bin:/home/bondiano/Documents/workspace/node_modules/.bin:/home/bondiano/Documents/node_modules/.bin:/home/bondiano/node_modules/.bin:/home/node_modules/.bin:/node_modules/.bin:/usr/bin:/home/bondiano/bin:/home/bondiano/.local/bin:/usr/local/sbin:/usr/local/bin:/usr/sbin:/usr/bin:/sbin:/bin:/usr/games:/usr/local/games:/snap/bin

Yarn version: 
  1.5.1

Node version: 
  9.11.1

Platform: 
  linux x64

npm manifest: 
  {
    "name": "gatsby-starter-blog",
    "description": "Starter Gatsby Blog",
    "version": "1.0.0",
    "author": "Kyle Mathews <mathews.kyle@gmail.com>",
    "bugs": {
      "url": "https://github.com/gatsbyjs/gatsby-starter-blog/issues"
    },
    "dependencies": {
      "gatsby": "^1.9.250",
      "gatsby-link": "^1.6.39",
      "gatsby-plugin-feed": "^1.3.20",
      "gatsby-plugin-google-analytics": "^1.0.29",
      "gatsby-plugin-offline": "^1.0.15",
      "gatsby-plugin-react-helmet": "^1.0.8",
      "gatsby-plugin-sharp": "^1.6.42",
      "gatsby-plugin-typography": "^1.7.18",
      "gatsby-remark-copy-linked-files": "^1.5.31",
      "gatsby-remark-images": "^1.5.61",
      "gatsby-remark-prismjs": "^1.2.24",
      "gatsby-remark-responsive-iframe": "^1.4.18",
      "gatsby-remark-smartypants": "^1.4.12",
      "gatsby-source-filesystem": "^1.5.31",
      "gatsby-transformer-remark": "^1.7.40",
      "gatsby-transformer-sharp": "^1.6.22",
      "lodash": "^4.17.5",
      "typeface-merriweather": "0.0.43",
      "typeface-montserrat": "0.0.43",
      "typography-theme-wordpress-2016": "^0.15.10"
    },
    "devDependencies": {
      "eslint": "^4.19.1",
      "eslint-plugin-react": "^7.7.0",
      "gh-pages": "^1.1.0",
      "prettier": "^1.12.0"
    },
    "homepage": "https://github.com/gatsbyjs/gatsby-starter-blog#readme",
    "keywords": [
      "gatsby"
    ],
    "license": "MIT",
    "main": "n/a",
    "repository": {
      "type": "git",
      "url": "git+https://github.com/gatsbyjs/gatsby-starter-blog.git"
    },
    "scripts": {
      "dev": "gatsby develop",
      "lint": "./node_modules/.bin/eslint --ext .js,.jsx --ignore-pattern public .",
      "test": "echo \"Error: no test specified\" && exit 1",
      "format": "prettier --trailing-comma es5 --no-semi --single-quote --write 'src/**/*.js' 'src/**/*.md'",
      "develop": "gatsby develop",
      "build": "gatsby build",
      "deploy": "gatsby build --prefix-paths && gh-pages -d public",
      "fix-semi": "eslint --quiet --ignore-pattern node_modules --ignore-pattern public --parser babel-eslint --no-eslintrc --rule '{\"semi\": [2, \"never\"], \"no-extra-semi\": [2]}' --fix gatsby-node.js"
    }
  }

yarn manifest: 
  No manifest

Lockfile: 
  No lockfile

Trace: 
  Error: /home/bondiano/Documents/workspace/blog/node_modules/sharp: Command failed.
  Exit code: 1
  Command: sh
  Arguments: -c (node install/libvips && node install/dll-copy && prebuild-install) || (node-gyp rebuild && node install/dll-copy)
  Directory: /home/bondiano/Documents/workspace/blog/node_modules/sharp
  Output:
  info sharp Downloading https://github.com/lovell/sharp-libvips/releases/download/v8.6.1/libvips-8.6.1-linux-x64.tar.gz
  /home/bondiano/Documents/workspace/blog/node_modules/sharp/install/libvips.js:52
          throw err;
          ^
  
  Error: connect ETIMEDOUT 52.216.225.32:443
      at TCPConnectWrap.afterConnect [as oncomplete] (net.js:1174:14)
  internal/modules/cjs/loader.js:550
      throw err;
      ^
  
  Error: Cannot find module '/usr/lib/node_modules/npm/node_modules/node-gyp/bin/node-gyp.js'
      at Function.Module._resolveFilename (internal/modules/cjs/loader.js:548:15)
      at Function.Module._load (internal/modules/cjs/loader.js:475:25)
      at Function.Module.runMain (internal/modules/cjs/loader.js:695:10)
      at startup (internal/bootstrap/node.js:201:19)
      at bootstrapNodeJSCore (internal/bootstrap/node.js:516:3)
      at ProcessTermError.MessageError (/usr/local/lib/node_modules/yarn/lib/cli.js:186:110)
      at new ProcessTermError (/usr/local/lib/node_modules/yarn/lib/cli.js:226:113)
      at ChildProcess.<anonymous> (/usr/local/lib/node_modules/yarn/lib/cli.js:30281:17)
      at ChildProcess.emit (events.js:180:13)
      at maybeClose (internal/child_process.js:936:16)
      at Process.ChildProcess._handle.onexit (internal/child_process.js:220:5)
